2024-12-11 14:58:29 --> WARNING: Privileged message content intent is missing, commands may not work as expected.
2024-12-11 14:58:29 --> INFO: logging in using static token
2024-12-11 14:58:31 --> INFO: Shard ID None has connected to Gateway (Session ID: e7af342e6a805c745c637d535c45f6c6).
2024-12-11 14:58:33 --> INFO: 已上線: 買夠機器人(測試)#9807 | 在 1 個伺服器中
2024-12-11 14:58:33 --> INFO: 伺服器數量更新為: 1
2024-12-11 15:00:20 --> WARNING: Privileged message content intent is missing, commands may not work as expected.
2024-12-11 15:00:20 --> INFO: logging in using static token
2024-12-11 15:00:22 --> INFO: Shard ID None has connected to Gateway (Session ID: 9e46b71df9b42455710a17d8c10f691c).
2024-12-11 15:00:24 --> INFO: 已上線: 買夠機器人(測試)#9807 | 在 1 個伺服器中
2024-12-11 15:00:24 --> INFO: 伺服器數量更新為: 1
2024-12-11 15:03:23 --> WARNING: Privileged message content intent is missing, commands may not work as expected.
2024-12-11 15:03:23 --> INFO: logging in using static token
2024-12-11 15:03:25 --> INFO: Shard ID None has connected to Gateway (Session ID: 19c59ac13972128dfe933664db25ebe4).
2024-12-11 15:03:27 --> INFO: 已上線: 買夠機器人(測試)#9807 | 在 1 個伺服器中
2024-12-11 15:03:27 --> INFO: 伺服器數量更新為: 1
2024-12-11 15:03:35 --> INFO: 伺服器ID: 762279698360172595 台詞: 我要退出CRYCHIC 耗時: 4.578 秒
2024-12-11 15:20:08 --> WARNING: Privileged message content intent is missing, commands may not work as expected.
2024-12-11 15:20:08 --> INFO: logging in using static token
2024-12-11 15:20:10 --> INFO: Shard ID None has connected to Gateway (Session ID: 31e9489e456464b646700c011619407e).
2024-12-11 15:20:12 --> INFO: 已上線: 買夠機器人(測試)#9807 | 在 1 個伺服器中
2024-12-11 15:20:12 --> INFO: 伺服器數量更新為: 1
2024-12-11 15:20:27 --> WARNING: Privileged message content intent is missing, commands may not work as expected.
2024-12-11 15:20:27 --> INFO: logging in using static token
2024-12-11 15:20:29 --> INFO: Shard ID None has connected to Gateway (Session ID: 0be8c92441792ac76f7b00d42c23f152).
2024-12-11 15:24:15 --> WARNING: Privileged message content intent is missing, commands may not work as expected.
2024-12-11 15:24:15 --> INFO: logging in using static token
2024-12-11 15:24:17 --> INFO: Shard ID None has connected to Gateway (Session ID: ea9db11c08825faf5901121541dd0375).
2024-12-11 15:24:19 --> INFO: 已上線: 買夠機器人(測試)#9807 | 在 1 個伺服器中
2024-12-11 15:24:19 --> INFO: 伺服器數量更新為: 1
2024-12-11 15:26:05 --> WARNING: Privileged message content intent is missing, commands may not work as expected.
2024-12-11 15:26:05 --> INFO: logging in using static token
2024-12-11 15:26:07 --> INFO: Shard ID None has connected to Gateway (Session ID: c6da60aea18c3d26a344e64fd41a13dc).
2024-12-11 15:26:09 --> INFO: 已上線: 買夠機器人(測試)#9807 | 在 1 個伺服器中
2024-12-11 15:26:09 --> INFO: 伺服器數量更新為: 1
2024-12-11 15:26:49 --> INFO: 伺服器ID: 762279698360172595 台詞: 我今天是來講件事的 耗時: 4.042 秒
2024-12-11 15:26:53 --> INFO: 伺服器ID: 762279698360172595 台詞: 從來不覺得玩樂團開心過 1.5秒GIF耗時: 26.131 秒
2024-12-11 15:27:48 --> INFO: 伺服器ID: 762279698360172595 台詞: 從來不覺得玩樂團開心過 耗時: 3.389 秒
